<?xml version="1.0" encoding="UTF-8"?>
<!-- Generated by org.testng.reporters.JUnitReportReporter -->
<testsuite hostname="TYC1121686" failures="0" tests="1" name="testCase_DemoWebshop_TestNG.LoginPage" time="18.522" errors="0" timestamp="2022-01-27T10:09:25 IST" skipped="0">
  <testcase classname="testCase_DemoWebshop_TestNG.LoginPage" name="Login" time="18.522"/>
  <system-out/>
</testsuite> <!-- testCase_DemoWebshop_TestNG.LoginPage -->
